{
  "/random-file.ts":{
     "path":"/random-file.ts",
     "statementMap":{
        "0":{
           "start":{
              "line":17,
              "column":50
           },
           "end":{
              "line":27,
              "column":2
           }
        },
        "1":{
           "start":{
              "line":34,
              "column":2
           },
           "end":{
              "line":34,
              "column":30
           }
        },
        "2":{
           "start":{
              "line":36,
              "column":18
           },
           "end":{
              "line":36,
              "column":41
           }
        },
        "3":{
           "start":{
              "line":38,
              "column":2
           },
           "end":{
              "line":38,
              "column":17
           }
        },
        "4":{
           "start":{
              "line":33,
              "column":0
           },
           "end":{
              "line":33,
              "column":16
           }
        },
        "5":{
           "start":{
              "line":48,
              "column":27
           },
           "end":{
              "line":48,
              "column":50
           }
        },
        "6":{
           "start":{
              "line":49,
              "column":2
           },
           "end":{
              "line":59,
              "column":null
           }
        },
        "7":{
           "start":{
              "line":49,
              "column":15
           },
           "end":{
              "line":49,
              "column":16
           }
        },
        "8":{
           "start":{
              "line":50,
              "column":19
           },
           "end":{
              "line":50,
              "column":38
           }
        },
        "9":{
           "start":{
              "line":52,
              "column":7
           },
           "end":{
              "line":52,
              "column":68
           }
        },
        "10":{
           "start":{
              "line":53,
              "column":4
           },
           "end":{
              "line":58,
              "column":null
           }
        },
        "11":{
           "start":{
              "line":54,
              "column":6
           },
           "end":{
              "line":57,
              "column":3
           }
        },
        "12":{
           "start":{
              "line":63,
              "column":15
           },
           "end":{
              "line":76,
              "column":null
           }
        },
        "13":{
           "start":{
              "line":79,
              "column":16
           },
           "end":{
              "line":81,
              "column":null
           }
        },
        "14":{
           "start":{
              "line":84,
              "column":2
           },
           "end":{
              "line":84,
              "column":18
           }
        }
     },
     "fnMap":{
        "0":{
           "name":"getOptions",
           "decl":{
              "start":{
                 "line":33,
                 "column":16
              },
              "end":{
                 "line":33,
                 "column":26
              }
           },
           "loc":{
              "start":{
                 "line":33,
                 "column":41
              },
              "end":{
                 "line":39,
                 "column":1
              }
           }
        },
        "1":{
           "name":"validateOptions",
           "decl":{
              "start":{
                 "line":47,
                 "column":9
              },
              "end":{
                 "line":47,
                 "column":24
              }
           },
           "loc":{
              "start":{
                 "line":47,
                 "column":39
              },
              "end":{
                 "line":60,
                 "column":1
              }
           }
        },
        "2":{
           "name":"makeOptions",
           "decl":{
              "start":{
                 "line":62,
                 "column":9
              },
              "end":{
                 "line":62,
                 "column":20
              }
           },
           "loc":{
              "start":{
                 "line":62,
                 "column":49
              },
              "end":{
                 "line":85,
                 "column":1
              }
           }
        }
     },
     "branchMap":{
        "0":{
           "loc":{
              "start":{
                 "line":53,
                 "column":4
              },
              "end":{
                 "line":58,
                 "column":null
              }
           },
           "type":"if",
           "locations":[
              {
                 "start":{
                    "line":53,
                    "column":4
                 },
                 "end":{
                    "line":58,
                    "column":null
                 }
              }
           ]
        }
     },
     "s":{
        "0":1,
        "1":3,
        "2":3,
        "3":3,
        "4":1,
        "5":3,
        "6":3,
        "7":3,
        "8":10,
        "9":10,
        "10":10,
        "11":0,
        "12":3,
        "13":3,
        "14":3
     },
     "f":{
        "0":3,
        "1":3,
        "2":3
     },
     "b":{
        "0":[
           0
        ]
     }
  }
}
